#
# There is insufficient memory for the Java Runtime Environment to continue.
# Native memory allocation (mmap) failed to map 536870912 bytes for G1 virtual space
# Possible reasons:
#   The system is out of physical RAM or swap space
#   The process is running with CompressedOops enabled, and the Java Heap may be blocking the growth of the native heap
# Possible solutions:
#   Reduce memory load on the system
#   Increase physical memory or swap space
#   Check if swap backing store is full
#   Decrease Java heap size (-Xmx/-Xms)
#   Decrease number of Java threads
#   Decrease Java thread stack sizes (-Xss)
#   Set larger code cache with -XX:ReservedCodeCacheSize=
#   JVM is running with Zero Based Compressed Oops mode in which the Java heap is
#     placed in the first 32GB address space. The Java Heap base address is the
#     maximum limit for the native heap growth. Please use -XX:HeapBaseMinAddress
#     to set the Java Heap base and to place the Java Heap above 32GB virtual address.
# This output file may be truncated or incomplete.
#
#  Out of Memory Error (os_windows.cpp:3747), pid=2540, tid=22000
#
# JRE version:  (17.0.3+7) (build )
# Java VM: OpenJDK 64-Bit Server VM (17.0.3+7-b469.32, mixed mode, sharing, tiered, compressed oops, compressed class ptrs, g1 gc, windows-amd64)
# No core dump will be written. Minidumps are not enabled by default on client versions of Windows
#

---------------  S U M M A R Y ------------

Command Line: git4idea.http.GitAskPassApp Username for 'https://github.com': 

Host: Intel(R) Core(TM) i5-9400F CPU @ 2.90GHz, 6 cores, 31G,  Windows 10 , 64 bit Build 19041 (10.0.19041.2364)
Time: Wed Mar 15 13:28:04 2023  Windows 10 , 64 bit Build 19041 (10.0.19041.2364) elapsed time: 0.010095 seconds (0d 0h 0m 0s)

---------------  T H R E A D  ---------------

Current thread (0x000001fd6214eff0):  JavaThread "Unknown thread" [_thread_in_vm, id=22000, stack(0x000000b0c5000000,0x000000b0c5100000)]

Stack: [0x000000b0c5000000,0x000000b0c5100000]
Native frames: (J=compiled Java code, j=interpreted, Vv=VM code, C=native code)
V  [jvm.dll+0x681f8a]
V  [jvm.dll+0x83e374]
V  [jvm.dll+0x83fb1e]
V  [jvm.dll+0x840183]
V  [jvm.dll+0x2492a5]
V  [jvm.dll+0x67ee59]
V  [jvm.dll+0x67355a]
V  [jvm.dll+0x308fab]
V  [jvm.dll+0x310466]
V  [jvm.dll+0x3601de]
V  [jvm.dll+0x36040f]
V  [jvm.dll+0x2df098]
V  [jvm.dll+0x2e0004]
V  [jvm.dll+0x80fc61]
V  [jvm.dll+0x36df61]
V  [jvm.dll+0x7ef17c]
V  [jvm.dll+0x3f10ef]
V  [jvm.dll+0x3f2c31]
C  [jli.dll+0x526b]
C  [ucrtbase.dll+0x21bb2]
C  [KERNEL32.DLL+0x17614]
C  [ntdll.dll+0x526a1]


---------------  P R O C E S S  ---------------

Threads class SMR info:
_java_thread_list=0x00007ffca68b6f18, length=0, elements={
}

Java Threads: ( => current thread )

Other Threads:
  0x000001fd621bb8b0 GCTaskThread "GC Thread#0" [stack: 0x000000b0c5100000,0x000000b0c5200000] [id=3544]
  0x000001fd79b408a0 ConcurrentGCThread "G1 Main Marker" [stack: 0x000000b0c5200000,0x000000b0c5300000] [id=19476]
  0x000001fd621cd9a0 ConcurrentGCThread "G1 Conc#0" [stack: 0x000000b0c5300000,0x000000b0c5400000] [id=19744]

[error occurred during error reporting (printing all threads), id 0xc0000005, EXCEPTION_ACCESS_VIOLATION (0xc0000005) at pc=0x00007ffca606fc57]

VM state: not at safepoint (not fully initialized)

VM Mutex/Monitor currently owned by a thread:  ([mutex/lock_event])
[0x000001fd6214a580] Heap_lock - owner thread: 0x000001fd6214eff0

Heap address: 0x0000000600800000, size: 8184 MB, Compressed Oops mode: Zero based, Oop shift amount: 3

CDS archive(s) mapped at: [0x0000000000000000-0x0000000000000000-0x0000000000000000), size 0, SharedBaseAddress: 0x0000000800000000, ArchiveRelocationMode: 0.
Narrow klass base: 0x0000000000000000, Narrow klass shift: 0, Narrow klass range: 0x0

GC Precious Log:
<Empty>

Heap:
 garbage-first heap   total 0K, used 0K [0x0000000600800000, 0x0000000800000000)
  region size 4096K, 0 young (0K), 0 survivors (0K)

[error occurred during error reporting (printing heap information), id 0xc0000005, EXCEPTION_ACCESS_VIOLATION (0xc0000005) at pc=0x00007ffca645bbd9]

GC Heap History (0 events):
No events

Deoptimization events (0 events):
No events

Classes unloaded (0 events):
No events

Classes redefined (0 events):
No events

Internal exceptions (0 events):
No events

VM Operations (0 events):
No events

Events (1 events):
Event: 0.006 Loaded shared library D:\Program Files\JetBrains\IntelliJ IDEA 2022.2\jbr\bin\java.dll


Dynamic libraries:
0x00007ff691800000 - 0x00007ff69180a000 	D:\Program Files\JetBrains\IntelliJ IDEA 2022.2\jbr\bin\java.exe
0x00007ffce1170000 - 0x00007ffce1368000 	C:\Windows\SYSTEM32\ntdll.dll
0x00007ffce0f40000 - 0x00007ffce0fff000 	C:\Windows\System32\KERNEL32.DLL
0x00007ffcdecb0000 - 0x00007ffcdef82000 	C:\Windows\System32\KERNELBASE.dll
0x00007ffcde860000 - 0x00007ffcde960000 	C:\Windows\System32\ucrtbase.dll
0x00007ffcccd50000 - 0x00007ffcccd67000 	D:\Program Files\JetBrains\IntelliJ IDEA 2022.2\jbr\bin\jli.dll
0x00007ffce0200000 - 0x00007ffce03a1000 	C:\Windows\System32\USER32.dll
0x00007ffcdf180000 - 0x00007ffcdf1a2000 	C:\Windows\System32\win32u.dll
0x00007ffcdf290000 - 0x00007ffcdf2bb000 	C:\Windows\System32\GDI32.dll
0x00007ffcdef90000 - 0x00007ffcdf09f000 	C:\Windows\System32\gdi32full.dll
0x00007ffcdeac0000 - 0x00007ffcdeb5d000 	C:\Windows\System32\msvcp_win.dll
0x00007ffcd2660000 - 0x00007ffcd28fa000 	C:\Windows\WinSxS\amd64_microsoft.windows.common-controls_6595b64144ccf1df_6.0.19041.1110_none_60b5254171f9507e\COMCTL32.dll
0x00007ffce0c30000 - 0x00007ffce0cce000 	C:\Windows\System32\msvcrt.dll
0x00007ffcb9180000 - 0x00007ffcb919b000 	D:\Program Files\JetBrains\IntelliJ IDEA 2022.2\jbr\bin\VCRUNTIME140.dll
0x00007ffcdf2c0000 - 0x00007ffcdf2f2000 	C:\Windows\System32\IMM32.DLL
0x00007ffcccc10000 - 0x00007ffcccc1c000 	D:\Program Files\JetBrains\IntelliJ IDEA 2022.2\jbr\bin\vcruntime140_1.dll
0x00007ffcab170000 - 0x00007ffcab1fd000 	D:\Program Files\JetBrains\IntelliJ IDEA 2022.2\jbr\bin\msvcp140.dll
0x00007ffca5d80000 - 0x00007ffca69e8000 	D:\Program Files\JetBrains\IntelliJ IDEA 2022.2\jbr\bin\server\jvm.dll
0x00007ffce06a0000 - 0x00007ffce074e000 	C:\Windows\System32\ADVAPI32.dll
0x00007ffcdfa60000 - 0x00007ffcdfafc000 	C:\Windows\System32\sechost.dll
0x00007ffce1000000 - 0x00007ffce1125000 	C:\Windows\System32\RPCRT4.dll
0x00007ffcdfe90000 - 0x00007ffcdfe98000 	C:\Windows\System32\PSAPI.DLL
0x00007ffcc8180000 - 0x00007ffcc8189000 	C:\Windows\SYSTEM32\WSOCK32.dll
0x00007ffcd7eb0000 - 0x00007ffcd7eba000 	C:\Windows\SYSTEM32\VERSION.dll
0x00007ffcd2910000 - 0x00007ffcd2937000 	C:\Windows\SYSTEM32\WINMM.dll
0x00007ffce0bc0000 - 0x00007ffce0c2b000 	C:\Windows\System32\WS2_32.dll
0x00007ffcdc700000 - 0x00007ffcdc712000 	C:\Windows\SYSTEM32\kernel.appcore.dll
0x00007ffcda6e0000 - 0x00007ffcda6ea000 	D:\Program Files\JetBrains\IntelliJ IDEA 2022.2\jbr\bin\jimage.dll
0x000000006b4b0000 - 0x000000006b60e000 	C:\Program Files\Microsoft SQL Server\100\Shared\DBGHELP.DLL
0x00007ffcd5d60000 - 0x00007ffcd5d85000 	D:\Program Files\JetBrains\IntelliJ IDEA 2022.2\jbr\bin\java.dll

dbghelp: loaded successfully - version: 4.0.5 - missing functions: none
symbol engine: initialized successfully - sym options: 0x614 - pdb path: .;D:\Program Files\JetBrains\IntelliJ IDEA 2022.2\jbr\bin;C:\Windows\SYSTEM32;C:\Windows\WinSxS\amd64_microsoft.windows.common-controls_6595b64144ccf1df_6.0.19041.1110_none_60b5254171f9507e;D:\Program Files\JetBrains\IntelliJ IDEA 2022.2\jbr\bin\server;C:\Program Files\Microsoft SQL Server\100\Shared

VM Arguments:
java_command: git4idea.http.GitAskPassApp Username for 'https://github.com': 
java_class_path (initial): D:/Program Files/JetBrains/IntelliJ IDEA 2022.2/plugins/git4idea/lib/git4idea-rt.jar;D:/Program Files/JetBrains/IntelliJ IDEA 2022.2/lib/externalProcess-rt.jar;D:/Program Files/JetBrains/IntelliJ IDEA 2022.2/lib/app.jar;D:/Program Files/JetBrains/IntelliJ IDEA 2022.2/lib/3rd-party-rt.jar
Launcher Type: SUN_STANDARD

[Global flags]
     intx CICompilerCount                          = 3                                         {product} {ergonomic}
     uint ConcGCThreads                            = 2                                         {product} {ergonomic}
     uint G1ConcRefinementThreads                  = 6                                         {product} {ergonomic}
   size_t G1HeapRegionSize                         = 4194304                                   {product} {ergonomic}
    uintx GCDrainStackTargetSize                   = 64                                        {product} {ergonomic}
   size_t InitialHeapSize                          = 536870912                                 {product} {ergonomic}
   size_t MarkStackSize                            = 4194304                                   {product} {ergonomic}
   size_t MaxHeapSize                              = 8581545984                                {product} {ergonomic}
   size_t MinHeapDeltaBytes                        = 4194304                                   {product} {ergonomic}
   size_t MinHeapSize                              = 8388608                                   {product} {ergonomic}
    uintx NonNMethodCodeHeapSize                   = 5832780                                {pd product} {ergonomic}
    uintx NonProfiledCodeHeapSize                  = 122912730                              {pd product} {ergonomic}
    uintx ProfiledCodeHeapSize                     = 122912730                              {pd product} {ergonomic}
    uintx ReservedCodeCacheSize                    = 251658240                              {pd product} {ergonomic}
     bool SegmentedCodeCache                       = true                                      {product} {ergonomic}
   size_t SoftMaxHeapSize                          = 8581545984                             {manageable} {ergonomic}
     bool UseCompressedClassPointers               = true                           {product lp64_product} {ergonomic}
     bool UseCompressedOops                        = true                           {product lp64_product} {ergonomic}
     bool UseG1GC                                  = true                                      {product} {ergonomic}
     bool UseLargePagesIndividualAllocation        = false                                  {pd product} {ergonomic}

Logging:
Log output configuration:
 #0: stdout all=warning uptime,level,tags
 #1: stderr all=off uptime,level,tags

Environment Variables:
PATH=C:\Program Files\Git\mingw64\libexec\git-core;C:\Program Files\Git\mingw64\libexec\git-core;C:\Program Files\Git\mingw64\bin;C:\Program Files\Git\usr\bin;C:\Users\fphouse\bin;C:\Program Files (x86)\VMware\VMware Workstation\bin;C:\Program Files\Common Files\Oracle\Java\javapath;C:\Program Files (x86)\Common Files\Oracle\Java\javapath;C:\Windows\system32;C:\Windows;C:\Windows\System32\Wbem;C:\Windows\System32\WindowsPowerShell\v1.0;C:\Windows\System32\OpenSSH;C:\Program Files\Git\cmd;C:\Program Files\Microsoft\Web Platform Installer;C:\php-7.3.25-nts-Win32-VC15-x64;C:\ProgramData\ComposerSetup\bin;C:\Program Files\PuTTY;D:\platform-tools;C:\Program Files\dotnet;C:\Program Files\Microsoft SQL Server\130\Tools\Binn;C:\Users\fphouse\AppData\Roaming\nvm;C:\Program Files\nodejs;C:\Program Files (x86)\Microsoft SQL Server\100\Tools\Binn;C:\Program Files\Microsoft SQL Server\100\Tools\Binn;C:\Program Files\Microsoft SQL Server\100\DTS\Binn;C:\Program Files\Microsoft SQL Server\150\Tools\Binn;C:\Program Files\Microsoft SQL Server\Client SDK\ODBC\170\Tools\Binn;D:\Program Files (x86)\NetSarang\Xshell 7;D:\Program Files (x86)\NetSarang\Xftp 7;C:\Program Files\nodejs;C:\Program Files\Docker\Docker\resources\bin;C:\Users\fphouse\AppData\Local\Programs\Python\Python39\Scripts;C:\Users\fphouse\AppData\Local\Programs\Python\Python39;C:\Users\fphouse\AppData\Local\Microsoft\WindowsApps;C:\Program Files\Bandizip;C:\Users\fphouse\AppData\Roaming\Composer\vendor\bin;C:\Program Files\Java\jdk-16.0.2\bin;C:\Users\fphouse\.dotnet\tools;C:\Users\fphouse\AppData\Roaming\nvm;C:\Program Files\nodejs;C:\Users\fphouse\AppData\Local\Programs\Microsoft VS Code\bin;D:\Program Files\JetBrains\IntelliJ IDEA 2022.2\bin;D:\develop\flutter\bin;C:\Users\fphouse\AppData\Roaming\npm
USERNAME=fphouse
DISPLAY=:0.0
LC_ALL=en_US.UTF-8
OS=Windows_NT
PROCESSOR_IDENTIFIER=Intel64 Family 6 Model 158 Stepping 13, GenuineIntel



---------------  S Y S T E M  ---------------

OS:
 Windows 10 , 64 bit Build 19041 (10.0.19041.2364)
OS uptime: 4 days 21:06 hours
Hyper-V role detected

CPU: total 6 (initial active 6) (6 cores per cpu, 1 threads per core) family 6 model 158 stepping 13 microcode 0xb8, cx8, cmov, fxsr, mmx, 3dnowpref, sse, sse2, sse3, ssse3, sse4.1, sse4.2, popcnt, lzcnt, tsc, tscinvbit, avx, avx2, aes, erms, clmul, bmi1, bmi2, adx, fma, vzeroupper, clflush, clflushopt, hv

Memory: 4k page, system-wide physical 32729M (6727M free)
TotalPageFile size 32729M (AvailPageFile size 182M)
current process WorkingSet (physical memory assigned to process): 10M, peak: 10M
current process commit charge ("private bytes"): 56M, peak: 568M

vm_info: OpenJDK 64-Bit Server VM (17.0.3+7-b469.32) for windows-amd64 JRE (17.0.3+7-b469.32), built on 2022-07-19 by "builduser" with MS VC++ 16.10 / 16.11 (VS2019)

END.
